{
    "analysis": [
        {
            "sanity": {
                "nstep": 1000,
                "samples": 400
            }
        },
        {
            "systemenergy": {
                "Cv/kB": 12823.0,
                "file": "energy.dat",
                "final": [
                    0.0,
                    -1407.7986740504057
                ],
                "init": -1320.9,
                "mean": -1274.0,
                "nstep": 100,
                "samples": 4000
            }
        },
        {
            "moleculeconformation": {
                "histogram": [
                    [
                        0,
                        48173823
                    ],
                    [
                        1,
                        81826177
                    ]
                ],
                "nstep": 1,
                "samples": 400000
            }
        },
        {
            "molrdf": {
                "dim": 3,
                "dr": 0.5,
                "file": "rdf.dat",
                "name1": "protein",
                "name2": "protein",
                "nstep": 100,
                "samples": 4000,
                "slicedir": [
                    0,
                    0,
                    0
                ],
                "thickness": 0.0
            }
        },
        {
            "scatter": {
                "com": true,
                "molecules": [
                    "protein"
                ],
                "nstep": 20,
                "pmax": 200,
                "samples": 20000,
                "scheme": "explicit"
            }
        },
        {
            "xtcfile": {
                "file": "traj.xtc",
                "nstep": 1000,
                "samples": 400
            }
        },
        {
            "savestate": {
                "file": "confout.pqr"
            }
        },
        {
            "savestate": {
                "file": "state.json"
            }
        }
    ],
    "compiler": "9.3.0",
    "energy": [
        {
            "hamiltonian": [
                {
                    "particle-self-energy": {
                        "com": false,
                        "molecules": [
                            "*"
                        ],
                        "relative time": 0.004606056422452743
                    }
                },
                {
                    "nonbondedEM": {
                        "cutoff_g2g": {
                            "protein protein": 102.90821838847594
                        },
                        "openmp": [
                            "g2g"
                        ],
                        "pairpot": [
                            {
                                "coulomb": {
                                    "C": 1,
                                    "D": -1,
                                    "cutoff": 46.908218388475944,
                                    "debyelength": 9.38164367769519,
                                    "doi": "10/c5fr",
                                    "lB": 7.121420410850907,
                                    "type": "poisson"
                                }
                            },
                            {
                                "lennardjones": {
                                    "custom": [
                                        {
                                            "BALA BALA": {
                                                "eps": 1.33112156584446,
                                                "sigma": 7.0
                                            }
                                        },
                                        {
                                            "BALA BILE": {
                                                "eps": 1.33112156584446,
                                                "sigma": 7.0
                                            }
                                        },
                                        {
                                            "BALA BLEU": {
                                                "eps": 1.33112156584446,
                                                "sigma": 7.0
                                            }
                                        },
                                        {
                                            "BALA BPHE": {
                                                "eps": 1.33112156584446,
                                                "sigma": 7.0
                                            }
                                        },
                                        {
                                            "BALA BPRO": {
                                                "eps": 1.33112156584446,
                                                "sigma": 7.0
                                            }
                                        },
                                        {
                                            "BALA BTRP": {
                                                "eps": 1.33112156584446,
                                                "sigma": 7.0
                                            }
                                        },
                                        {
                                            "BALA BVAL": {
                                                "eps": 1.33112156584446,
                                                "sigma": 7.0
                                            }
                                        },
                                        {
                                            "BILE BILE": {
                                                "eps": 1.33112156584446,
                                                "sigma": 7.0
                                            }
                                        },
                                        {
                                            "BILE BLEU": {
                                                "eps": 1.33112156584446,
                                                "sigma": 7.0
                                            }
                                        },
                                        {
                                            "BILE BPHE": {
                                                "eps": 1.33112156584446,
                                                "sigma": 7.0
                                            }
                                        },
                                        {
                                            "BILE BPRO": {
                                                "eps": 1.33112156584446,
                                                "sigma": 7.0
                                            }
                                        },
                                        {
                                            "BILE BTRP": {
                                                "eps": 1.33112156584446,
                                                "sigma": 7.0
                                            }
                                        },
                                        {
                                            "BILE BVAL": {
                                                "eps": 1.33112156584446,
                                                "sigma": 7.0
                                            }
                                        },
                                        {
                                            "BLEU BLEU": {
                                                "eps": 1.33112156584446,
                                                "sigma": 7.0
                                            }
                                        },
                                        {
                                            "BLEU BPHE": {
                                                "eps": 1.33112156584446,
                                                "sigma": 7.0
                                            }
                                        },
                                        {
                                            "BLEU BPRO": {
                                                "eps": 1.33112156584446,
                                                "sigma": 7.0
                                            }
                                        },
                                        {
                                            "BLEU BTRP": {
                                                "eps": 1.33112156584446,
                                                "sigma": 7.0
                                            }
                                        },
                                        {
                                            "BLEU BVAL": {
                                                "eps": 1.33112156584446,
                                                "sigma": 7.0
                                            }
                                        },
                                        {
                                            "BPHE BPHE": {
                                                "eps": 1.33112156584446,
                                                "sigma": 7.0
                                            }
                                        },
                                        {
                                            "BPHE BPRO": {
                                                "eps": 1.33112156584446,
                                                "sigma": 7.0
                                            }
                                        },
                                        {
                                            "BPHE BTRP": {
                                                "eps": 1.33112156584446,
                                                "sigma": 7.0
                                            }
                                        },
                                        {
                                            "BPHE BVAL": {
                                                "eps": 1.33112156584446,
                                                "sigma": 7.0
                                            }
                                        },
                                        {
                                            "BPRO BPRO": {
                                                "eps": 1.33112156584446,
                                                "sigma": 7.0
                                            }
                                        },
                                        {
                                            "BPRO BTRP": {
                                                "eps": 1.33112156584446,
                                                "sigma": 7.0
                                            }
                                        },
                                        {
                                            "BPRO BVAL": {
                                                "eps": 1.33112156584446,
                                                "sigma": 7.0
                                            }
                                        },
                                        {
                                            "BTRP BTRP": {
                                                "eps": 1.33112156584446,
                                                "sigma": 7.0
                                            }
                                        },
                                        {
                                            "BTRP BVAL": {
                                                "eps": 1.33112156584446,
                                                "sigma": 7.0
                                            }
                                        },
                                        {
                                            "BVAL BVAL": {
                                                "eps": 1.33112156584446,
                                                "sigma": 7.0
                                            }
                                        }
                                    ],
                                    "eps": "eps",
                                    "mixing": "lorentz_berthelot",
                                    "sigma": "sigma"
                                }
                            }
                        ],
                        "relative time": 0.04703848218108447,
                        "timings": {
                            "g_internal": 0.0
                        }
                    }
                }
            ]
        }
    ],
    "geometry": {
        "length": [
            1418.3792205820891,
            1418.3792205820891,
            1418.3792205820891
        ],
        "type": "cuboid"
    },
    "git revision": "b86d549 (2020-09-08)",
    "groups": [
        {
            "protein": {
                "compressible": false,
                "index": [
                    0,
                    271
                ],
                "size": 272
            }
        },
        {
            "protein": {
                "compressible": false,
                "index": [
                    272,
                    543
                ],
                "size": 272
            }
        },
        {
            "protein": {
                "compressible": false,
                "confid": 1,
                "index": [
                    544,
                    815
                ],
                "size": 272
            }
        },
        {
            "protein": {
                "compressible": false,
                "confid": 1,
                "index": [
                    816,
                    1087
                ],
                "size": 272
            }
        },
        {
            "protein": {
                "compressible": false,
                "confid": 1,
                "index": [
                    1088,
                    1359
                ],
                "size": 272
            }
        },
        {
            "protein": {
                "compressible": false,
                "confid": 1,
                "index": [
                    1360,
                    1631
                ],
                "size": 272
            }
        },
        {
            "protein": {
                "compressible": false,
                "confid": 1,
                "index": [
                    1632,
                    1903
                ],
                "size": 272
            }
        },
        {
            "protein": {
                "compressible": false,
                "confid": 1,
                "index": [
                    1904,
                    2175
                ],
                "size": 272
            }
        },
        {
            "protein": {
                "compressible": false,
                "confid": 1,
                "index": [
                    2176,
                    2447
                ],
                "size": 272
            }
        },
        {
            "protein": {
                "compressible": false,
                "confid": 1,
                "index": [
                    2448,
                    2719
                ],
                "size": 272
            }
        },
        {
            "protein": {
                "compressible": false,
                "confid": 1,
                "index": [
                    2720,
                    2991
                ],
                "size": 272
            }
        },
        {
            "protein": {
                "compressible": false,
                "index": [
                    2992,
                    3263
                ],
                "size": 272
            }
        },
        {
            "protein": {
                "compressible": false,
                "index": [
                    3264,
                    3535
                ],
                "size": 272
            }
        },
        {
            "protein": {
                "compressible": false,
                "confid": 1,
                "index": [
                    3536,
                    3807
                ],
                "size": 272
            }
        },
        {
            "protein": {
                "compressible": false,
                "index": [
                    3808,
                    4079
                ],
                "size": 272
            }
        },
        {
            "protein": {
                "compressible": false,
                "confid": 1,
                "index": [
                    4080,
                    4351
                ],
                "size": 272
            }
        },
        {
            "protein": {
                "compressible": false,
                "confid": 1,
                "index": [
                    4352,
                    4623
                ],
                "size": 272
            }
        },
        {
            "protein": {
                "compressible": false,
                "confid": 1,
                "index": [
                    4624,
                    4895
                ],
                "size": 272
            }
        },
        {
            "protein": {
                "compressible": false,
                "index": [
                    4896,
                    5167
                ],
                "size": 272
            }
        },
        {
            "protein": {
                "compressible": false,
                "index": [
                    5168,
                    5439
                ],
                "size": 272
            }
        },
        {
            "protein": {
                "compressible": false,
                "confid": 1,
                "index": [
                    5440,
                    5711
                ],
                "size": 272
            }
        },
        {
            "protein": {
                "compressible": false,
                "confid": 1,
                "index": [
                    5712,
                    5983
                ],
                "size": 272
            }
        },
        {
            "protein": {
                "compressible": false,
                "index": [
                    5984,
                    6255
                ],
                "size": 272
            }
        },
        {
            "protein": {
                "compressible": false,
                "confid": 1,
                "index": [
                    6256,
                    6527
                ],
                "size": 272
            }
        },
        {
            "protein": {
                "compressible": false,
                "confid": 1,
                "index": [
                    6528,
                    6799
                ],
                "size": 272
            }
        },
        {
            "protein": {
                "compressible": false,
                "index": [
                    6800,
                    7071
                ],
                "size": 272
            }
        },
        {
            "protein": {
                "compressible": false,
                "confid": 1,
                "index": [
                    7072,
                    7343
                ],
                "size": 272
            }
        },
        {
            "protein": {
                "compressible": false,
                "confid": 1,
                "index": [
                    7344,
                    7615
                ],
                "size": 272
            }
        },
        {
            "protein": {
                "compressible": false,
                "confid": 1,
                "index": [
                    7616,
                    7887
                ],
                "size": 272
            }
        },
        {
            "protein": {
                "compressible": false,
                "index": [
                    7888,
                    8159
                ],
                "size": 272
            }
        },
        {
            "protein": {
                "compressible": false,
                "confid": 1,
                "index": [
                    8160,
                    8431
                ],
                "size": 272
            }
        },
        {
            "protein": {
                "compressible": false,
                "index": [
                    8432,
                    8703
                ],
                "size": 272
            }
        },
        {
            "protein": {
                "compressible": false,
                "confid": 1,
                "index": [
                    8704,
                    8975
                ],
                "size": 272
            }
        },
        {
            "protein": {
                "compressible": false,
                "confid": 1,
                "index": [
                    8976,
                    9247
                ],
                "size": 272
            }
        },
        {
            "protein": {
                "compressible": false,
                "confid": 1,
                "index": [
                    9248,
                    9519
                ],
                "size": 272
            }
        },
        {
            "protein": {
                "compressible": false,
                "confid": 1,
                "index": [
                    9520,
                    9791
                ],
                "size": 272
            }
        },
        {
            "protein": {
                "compressible": false,
                "confid": 1,
                "index": [
                    9792,
                    10063
                ],
                "size": 272
            }
        },
        {
            "protein": {
                "compressible": false,
                "confid": 1,
                "index": [
                    10064,
                    10335
                ],
                "size": 272
            }
        },
        {
            "protein": {
                "compressible": false,
                "confid": 1,
                "index": [
                    10336,
                    10607
                ],
                "size": 272
            }
        },
        {
            "protein": {
                "compressible": false,
                "index": [
                    10608,
                    10879
                ],
                "size": 272
            }
        },
        {
            "protein": {
                "compressible": false,
                "confid": 1,
                "index": [
                    10880,
                    11151
                ],
                "size": 272
            }
        },
        {
            "protein": {
                "compressible": false,
                "index": [
                    11152,
                    11423
                ],
                "size": 272
            }
        },
        {
            "protein": {
                "compressible": false,
                "confid": 1,
                "index": [
                    11424,
                    11695
                ],
                "size": 272
            }
        },
        {
            "protein": {
                "compressible": false,
                "confid": 1,
                "index": [
                    11696,
                    11967
                ],
                "size": 272
            }
        },
        {
            "protein": {
                "compressible": false,
                "index": [
                    11968,
                    12239
                ],
                "size": 272
            }
        },
        {
            "protein": {
                "compressible": false,
                "confid": 1,
                "index": [
                    12240,
                    12511
                ],
                "size": 272
            }
        },
        {
            "protein": {
                "compressible": false,
                "confid": 1,
                "index": [
                    12512,
                    12783
                ],
                "size": 272
            }
        },
        {
            "protein": {
                "compressible": false,
                "confid": 1,
                "index": [
                    12784,
                    13055
                ],
                "size": 272
            }
        },
        {
            "protein": {
                "compressible": false,
                "index": [
                    13056,
                    13327
                ],
                "size": 272
            }
        },
        {
            "protein": {
                "compressible": false,
                "confid": 1,
                "index": [
                    13328,
                    13599
                ],
                "size": 272
            }
        },
        {
            "protein": {
                "compressible": false,
                "confid": 1,
                "index": [
                    13600,
                    13871
                ],
                "size": 272
            }
        },
        {
            "protein": {
                "compressible": false,
                "confid": 1,
                "index": [
                    13872,
                    14143
                ],
                "size": 272
            }
        },
        {
            "protein": {
                "compressible": false,
                "confid": 1,
                "index": [
                    14144,
                    14415
                ],
                "size": 272
            }
        },
        {
            "protein": {
                "compressible": false,
                "index": [
                    14416,
                    14687
                ],
                "size": 272
            }
        },
        {
            "protein": {
                "compressible": false,
                "confid": 1,
                "index": [
                    14688,
                    14959
                ],
                "size": 272
            }
        },
        {
            "protein": {
                "compressible": false,
                "confid": 1,
                "index": [
                    14960,
                    15231
                ],
                "size": 272
            }
        },
        {
            "protein": {
                "compressible": false,
                "index": [
                    15232,
                    15503
                ],
                "size": 272
            }
        },
        {
            "protein": {
                "compressible": false,
                "confid": 1,
                "index": [
                    15504,
                    15775
                ],
                "size": 272
            }
        },
        {
            "protein": {
                "compressible": false,
                "index": [
                    15776,
                    16047
                ],
                "size": 272
            }
        },
        {
            "protein": {
                "compressible": false,
                "confid": 1,
                "index": [
                    16048,
                    16319
                ],
                "size": 272
            }
        },
        {
            "protein": {
                "compressible": false,
                "index": [
                    16320,
                    16591
                ],
                "size": 272
            }
        },
        {
            "protein": {
                "compressible": false,
                "confid": 1,
                "index": [
                    16592,
                    16863
                ],
                "size": 272
            }
        },
        {
            "protein": {
                "compressible": false,
                "confid": 1,
                "index": [
                    16864,
                    17135
                ],
                "size": 272
            }
        },
        {
            "protein": {
                "compressible": false,
                "index": [
                    17136,
                    17407
                ],
                "size": 272
            }
        },
        {
            "protein": {
                "compressible": false,
                "index": [
                    17408,
                    17679
                ],
                "size": 272
            }
        },
        {
            "protein": {
                "compressible": false,
                "confid": 1,
                "index": [
                    17680,
                    17951
                ],
                "size": 272
            }
        },
        {
            "protein": {
                "compressible": false,
                "confid": 1,
                "index": [
                    17952,
                    18223
                ],
                "size": 272
            }
        },
        {
            "protein": {
                "compressible": false,
                "confid": 1,
                "index": [
                    18224,
                    18495
                ],
                "size": 272
            }
        },
        {
            "protein": {
                "compressible": false,
                "confid": 1,
                "index": [
                    18496,
                    18767
                ],
                "size": 272
            }
        },
        {
            "protein": {
                "compressible": false,
                "index": [
                    18768,
                    19039
                ],
                "size": 272
            }
        },
        {
            "protein": {
                "compressible": false,
                "index": [
                    19040,
                    19311
                ],
                "size": 272
            }
        },
        {
            "protein": {
                "compressible": false,
                "index": [
                    19312,
                    19583
                ],
                "size": 272
            }
        },
        {
            "protein": {
                "compressible": false,
                "confid": 1,
                "index": [
                    19584,
                    19855
                ],
                "size": 272
            }
        },
        {
            "protein": {
                "compressible": false,
                "index": [
                    19856,
                    20127
                ],
                "size": 272
            }
        },
        {
            "protein": {
                "compressible": false,
                "confid": 1,
                "index": [
                    20128,
                    20399
                ],
                "size": 272
            }
        },
        {
            "protein": {
                "compressible": false,
                "index": [
                    20400,
                    20671
                ],
                "size": 272
            }
        },
        {
            "protein": {
                "compressible": false,
                "confid": 1,
                "index": [
                    20672,
                    20943
                ],
                "size": 272
            }
        },
        {
            "protein": {
                "compressible": false,
                "confid": 1,
                "index": [
                    20944,
                    21215
                ],
                "size": 272
            }
        },
        {
            "protein": {
                "compressible": false,
                "confid": 1,
                "index": [
                    21216,
                    21487
                ],
                "size": 272
            }
        },
        {
            "protein": {
                "compressible": false,
                "index": [
                    21488,
                    21759
                ],
                "size": 272
            }
        },
        {
            "protein": {
                "compressible": false,
                "index": [
                    21760,
                    22031
                ],
                "size": 272
            }
        },
        {
            "protein": {
                "compressible": false,
                "confid": 1,
                "index": [
                    22032,
                    22303
                ],
                "size": 272
            }
        },
        {
            "protein": {
                "compressible": false,
                "confid": 1,
                "index": [
                    22304,
                    22575
                ],
                "size": 272
            }
        },
        {
            "protein": {
                "compressible": false,
                "confid": 1,
                "index": [
                    22576,
                    22847
                ],
                "size": 272
            }
        },
        {
            "protein": {
                "compressible": false,
                "confid": 1,
                "index": [
                    22848,
                    23119
                ],
                "size": 272
            }
        },
        {
            "protein": {
                "compressible": false,
                "confid": 1,
                "index": [
                    23120,
                    23391
                ],
                "size": 272
            }
        },
        {
            "protein": {
                "compressible": false,
                "confid": 1,
                "index": [
                    23392,
                    23663
                ],
                "size": 272
            }
        },
        {
            "protein": {
                "compressible": false,
                "index": [
                    23664,
                    23935
                ],
                "size": 272
            }
        },
        {
            "protein": {
                "compressible": false,
                "confid": 1,
                "index": [
                    23936,
                    24207
                ],
                "size": 272
            }
        },
        {
            "protein": {
                "compressible": false,
                "confid": 1,
                "index": [
                    24208,
                    24479
                ],
                "size": 272
            }
        },
        {
            "protein": {
                "compressible": false,
                "confid": 1,
                "index": [
                    24480,
                    24751
                ],
                "size": 272
            }
        },
        {
            "protein": {
                "compressible": false,
                "index": [
                    24752,
                    25023
                ],
                "size": 272
            }
        },
        {
            "protein": {
                "compressible": false,
                "confid": 1,
                "index": [
                    25024,
                    25295
                ],
                "size": 272
            }
        },
        {
            "protein": {
                "compressible": false,
                "confid": 1,
                "index": [
                    25296,
                    25567
                ],
                "size": 272
            }
        },
        {
            "protein": {
                "compressible": false,
                "confid": 1,
                "index": [
                    25568,
                    25839
                ],
                "size": 272
            }
        },
        {
            "protein": {
                "compressible": false,
                "index": [
                    25840,
                    26111
                ],
                "size": 272
            }
        },
        {
            "protein": {
                "compressible": false,
                "confid": 1,
                "index": [
                    26112,
                    26383
                ],
                "size": 272
            }
        },
        {
            "protein": {
                "compressible": false,
                "index": [
                    26384,
                    26655
                ],
                "size": 272
            }
        },
        {
            "protein": {
                "compressible": false,
                "confid": 1,
                "index": [
                    26656,
                    26927
                ],
                "size": 272
            }
        },
        {
            "protein": {
                "compressible": false,
                "confid": 1,
                "index": [
                    26928,
                    27199
                ],
                "size": 272
            }
        },
        {
            "protein": {
                "compressible": false,
                "index": [
                    27200,
                    27471
                ],
                "size": 272
            }
        },
        {
            "protein": {
                "compressible": false,
                "confid": 1,
                "index": [
                    27472,
                    27743
                ],
                "size": 272
            }
        },
        {
            "protein": {
                "compressible": false,
                "index": [
                    27744,
                    28015
                ],
                "size": 272
            }
        },
        {
            "protein": {
                "compressible": false,
                "index": [
                    28016,
                    28287
                ],
                "size": 272
            }
        },
        {
            "protein": {
                "compressible": false,
                "confid": 1,
                "index": [
                    28288,
                    28559
                ],
                "size": 272
            }
        },
        {
            "protein": {
                "compressible": false,
                "confid": 1,
                "index": [
                    28560,
                    28831
                ],
                "size": 272
            }
        },
        {
            "protein": {
                "compressible": false,
                "confid": 1,
                "index": [
                    28832,
                    29103
                ],
                "size": 272
            }
        },
        {
            "protein": {
                "compressible": false,
                "index": [
                    29104,
                    29375
                ],
                "size": 272
            }
        },
        {
            "protein": {
                "compressible": false,
                "confid": 1,
                "index": [
                    29376,
                    29647
                ],
                "size": 272
            }
        },
        {
            "protein": {
                "compressible": false,
                "index": [
                    29648,
                    29919
                ],
                "size": 272
            }
        },
        {
            "protein": {
                "compressible": false,
                "confid": 1,
                "index": [
                    29920,
                    30191
                ],
                "size": 272
            }
        },
        {
            "protein": {
                "compressible": false,
                "confid": 1,
                "index": [
                    30192,
                    30463
                ],
                "size": 272
            }
        },
        {
            "protein": {
                "compressible": false,
                "confid": 1,
                "index": [
                    30464,
                    30735
                ],
                "size": 272
            }
        },
        {
            "protein": {
                "compressible": false,
                "confid": 1,
                "index": [
                    30736,
                    31007
                ],
                "size": 272
            }
        },
        {
            "protein": {
                "compressible": false,
                "confid": 1,
                "index": [
                    31008,
                    31279
                ],
                "size": 272
            }
        },
        {
            "protein": {
                "compressible": false,
                "confid": 1,
                "index": [
                    31280,
                    31551
                ],
                "size": 272
            }
        },
        {
            "protein": {
                "compressible": false,
                "confid": 1,
                "index": [
                    31552,
                    31823
                ],
                "size": 272
            }
        },
        {
            "protein": {
                "compressible": false,
                "confid": 1,
                "index": [
                    31824,
                    32095
                ],
                "size": 272
            }
        },
        {
            "protein": {
                "compressible": false,
                "index": [
                    32096,
                    32367
                ],
                "size": 272
            }
        },
        {
            "protein": {
                "compressible": false,
                "index": [
                    32368,
                    32639
                ],
                "size": 272
            }
        },
        {
            "protein": {
                "compressible": false,
                "confid": 1,
                "index": [
                    32640,
                    32911
                ],
                "size": 272
            }
        },
        {
            "protein": {
                "compressible": false,
                "confid": 1,
                "index": [
                    32912,
                    33183
                ],
                "size": 272
            }
        },
        {
            "protein": {
                "compressible": false,
                "confid": 1,
                "index": [
                    33184,
                    33455
                ],
                "size": 272
            }
        },
        {
            "protein": {
                "compressible": false,
                "confid": 1,
                "index": [
                    33456,
                    33727
                ],
                "size": 272
            }
        },
        {
            "protein": {
                "compressible": false,
                "confid": 1,
                "index": [
                    33728,
                    33999
                ],
                "size": 272
            }
        },
        {
            "protein": {
                "compressible": false,
                "confid": 1,
                "index": [
                    34000,
                    34271
                ],
                "size": 272
            }
        },
        {
            "protein": {
                "compressible": false,
                "confid": 1,
                "index": [
                    34272,
                    34543
                ],
                "size": 272
            }
        },
        {
            "protein": {
                "compressible": false,
                "confid": 1,
                "index": [
                    34544,
                    34815
                ],
                "size": 272
            }
        },
        {
            "protein": {
                "compressible": false,
                "confid": 1,
                "index": [
                    34816,
                    35087
                ],
                "size": 272
            }
        },
        {
            "protein": {
                "compressible": false,
                "index": [
                    35088,
                    35359
                ],
                "size": 272
            }
        },
        {
            "protein": {
                "compressible": false,
                "confid": 1,
                "index": [
                    35360,
                    35631
                ],
                "size": 272
            }
        },
        {
            "protein": {
                "compressible": false,
                "confid": 1,
                "index": [
                    35632,
                    35903
                ],
                "size": 272
            }
        },
        {
            "protein": {
                "compressible": false,
                "confid": 1,
                "index": [
                    35904,
                    36175
                ],
                "size": 272
            }
        },
        {
            "protein": {
                "compressible": false,
                "confid": 1,
                "index": [
                    36176,
                    36447
                ],
                "size": 272
            }
        },
        {
            "protein": {
                "compressible": false,
                "confid": 1,
                "index": [
                    36448,
                    36719
                ],
                "size": 272
            }
        },
        {
            "protein": {
                "compressible": false,
                "confid": 1,
                "index": [
                    36720,
                    36991
                ],
                "size": 272
            }
        },
        {
            "protein": {
                "compressible": false,
                "confid": 1,
                "index": [
                    36992,
                    37263
                ],
                "size": 272
            }
        },
        {
            "protein": {
                "compressible": false,
                "index": [
                    37264,
                    37535
                ],
                "size": 272
            }
        },
        {
            "protein": {
                "compressible": false,
                "confid": 1,
                "index": [
                    37536,
                    37807
                ],
                "size": 272
            }
        },
        {
            "protein": {
                "compressible": false,
                "confid": 1,
                "index": [
                    37808,
                    38079
                ],
                "size": 272
            }
        },
        {
            "protein": {
                "compressible": false,
                "confid": 1,
                "index": [
                    38080,
                    38351
                ],
                "size": 272
            }
        },
        {
            "protein": {
                "compressible": false,
                "index": [
                    38352,
                    38623
                ],
                "size": 272
            }
        },
        {
            "protein": {
                "compressible": false,
                "confid": 1,
                "index": [
                    38624,
                    38895
                ],
                "size": 272
            }
        },
        {
            "protein": {
                "compressible": false,
                "confid": 1,
                "index": [
                    38896,
                    39167
                ],
                "size": 272
            }
        },
        {
            "protein": {
                "compressible": false,
                "confid": 1,
                "index": [
                    39168,
                    39439
                ],
                "size": 272
            }
        },
        {
            "protein": {
                "compressible": false,
                "index": [
                    39440,
                    39711
                ],
                "size": 272
            }
        },
        {
            "protein": {
                "compressible": false,
                "index": [
                    39712,
                    39983
                ],
                "size": 272
            }
        },
        {
            "protein": {
                "compressible": false,
                "confid": 1,
                "index": [
                    39984,
                    40255
                ],
                "size": 272
            }
        },
        {
            "protein": {
                "compressible": false,
                "confid": 1,
                "index": [
                    40256,
                    40527
                ],
                "size": 272
            }
        },
        {
            "protein": {
                "compressible": false,
                "index": [
                    40528,
                    40799
                ],
                "size": 272
            }
        },
        {
            "protein": {
                "compressible": false,
                "index": [
                    40800,
                    41071
                ],
                "size": 272
            }
        },
        {
            "protein": {
                "compressible": false,
                "index": [
                    41072,
                    41343
                ],
                "size": 272
            }
        },
        {
            "protein": {
                "compressible": false,
                "confid": 1,
                "index": [
                    41344,
                    41615
                ],
                "size": 272
            }
        },
        {
            "protein": {
                "compressible": false,
                "confid": 1,
                "index": [
                    41616,
                    41887
                ],
                "size": 272
            }
        },
        {
            "protein": {
                "compressible": false,
                "confid": 1,
                "index": [
                    41888,
                    42159
                ],
                "size": 272
            }
        },
        {
            "protein": {
                "compressible": false,
                "confid": 1,
                "index": [
                    42160,
                    42431
                ],
                "size": 272
            }
        },
        {
            "protein": {
                "compressible": false,
                "confid": 1,
                "index": [
                    42432,
                    42703
                ],
                "size": 272
            }
        },
        {
            "protein": {
                "compressible": false,
                "confid": 1,
                "index": [
                    42704,
                    42975
                ],
                "size": 272
            }
        },
        {
            "protein": {
                "compressible": false,
                "confid": 1,
                "index": [
                    42976,
                    43247
                ],
                "size": 272
            }
        },
        {
            "protein": {
                "compressible": false,
                "index": [
                    43248,
                    43519
                ],
                "size": 272
            }
        },
        {
            "protein": {
                "compressible": false,
                "confid": 1,
                "index": [
                    43520,
                    43791
                ],
                "size": 272
            }
        },
        {
            "protein": {
                "compressible": false,
                "confid": 1,
                "index": [
                    43792,
                    44063
                ],
                "size": 272
            }
        },
        {
            "protein": {
                "compressible": false,
                "confid": 1,
                "index": [
                    44064,
                    44335
                ],
                "size": 272
            }
        },
        {
            "protein": {
                "compressible": false,
                "index": [
                    44336,
                    44607
                ],
                "size": 272
            }
        },
        {
            "protein": {
                "compressible": false,
                "confid": 1,
                "index": [
                    44608,
                    44879
                ],
                "size": 272
            }
        },
        {
            "protein": {
                "compressible": false,
                "confid": 1,
                "index": [
                    44880,
                    45151
                ],
                "size": 272
            }
        },
        {
            "protein": {
                "compressible": false,
                "confid": 1,
                "index": [
                    45152,
                    45423
                ],
                "size": 272
            }
        },
        {
            "protein": {
                "compressible": false,
                "index": [
                    45424,
                    45695
                ],
                "size": 272
            }
        },
        {
            "protein": {
                "compressible": false,
                "confid": 1,
                "index": [
                    45696,
                    45967
                ],
                "size": 272
            }
        },
        {
            "protein": {
                "compressible": false,
                "confid": 1,
                "index": [
                    45968,
                    46239
                ],
                "size": 272
            }
        },
        {
            "protein": {
                "compressible": false,
                "index": [
                    46240,
                    46511
                ],
                "size": 272
            }
        },
        {
            "protein": {
                "compressible": false,
                "index": [
                    46512,
                    46783
                ],
                "size": 272
            }
        },
        {
            "protein": {
                "compressible": false,
                "index": [
                    46784,
                    47055
                ],
                "size": 272
            }
        },
        {
            "protein": {
                "compressible": false,
                "confid": 1,
                "index": [
                    47056,
                    47327
                ],
                "size": 272
            }
        },
        {
            "protein": {
                "compressible": false,
                "confid": 1,
                "index": [
                    47328,
                    47599
                ],
                "size": 272
            }
        },
        {
            "protein": {
                "compressible": false,
                "confid": 1,
                "index": [
                    47600,
                    47871
                ],
                "size": 272
            }
        },
        {
            "protein": {
                "compressible": false,
                "index": [
                    47872,
                    48143
                ],
                "size": 272
            }
        },
        {
            "protein": {
                "compressible": false,
                "confid": 1,
                "index": [
                    48144,
                    48415
                ],
                "size": 272
            }
        },
        {
            "protein": {
                "compressible": false,
                "index": [
                    48416,
                    48687
                ],
                "size": 272
            }
        },
        {
            "protein": {
                "compressible": false,
                "index": [
                    48688,
                    48959
                ],
                "size": 272
            }
        },
        {
            "protein": {
                "compressible": false,
                "confid": 1,
                "index": [
                    48960,
                    49231
                ],
                "size": 272
            }
        },
        {
            "protein": {
                "compressible": false,
                "confid": 1,
                "index": [
                    49232,
                    49503
                ],
                "size": 272
            }
        },
        {
            "protein": {
                "compressible": false,
                "confid": 1,
                "index": [
                    49504,
                    49775
                ],
                "size": 272
            }
        },
        {
            "protein": {
                "compressible": false,
                "confid": 1,
                "index": [
                    49776,
                    50047
                ],
                "size": 272
            }
        },
        {
            "protein": {
                "compressible": false,
                "index": [
                    50048,
                    50319
                ],
                "size": 272
            }
        },
        {
            "protein": {
                "compressible": false,
                "index": [
                    50320,
                    50591
                ],
                "size": 272
            }
        },
        {
            "protein": {
                "compressible": false,
                "index": [
                    50592,
                    50863
                ],
                "size": 272
            }
        },
        {
            "protein": {
                "compressible": false,
                "confid": 1,
                "index": [
                    50864,
                    51135
                ],
                "size": 272
            }
        },
        {
            "protein": {
                "compressible": false,
                "confid": 1,
                "index": [
                    51136,
                    51407
                ],
                "size": 272
            }
        },
        {
            "protein": {
                "compressible": false,
                "index": [
                    51408,
                    51679
                ],
                "size": 272
            }
        },
        {
            "protein": {
                "compressible": false,
                "confid": 1,
                "index": [
                    51680,
                    51951
                ],
                "size": 272
            }
        },
        {
            "protein": {
                "compressible": false,
                "index": [
                    51952,
                    52223
                ],
                "size": 272
            }
        },
        {
            "protein": {
                "compressible": false,
                "confid": 1,
                "index": [
                    52224,
                    52495
                ],
                "size": 272
            }
        },
        {
            "protein": {
                "compressible": false,
                "confid": 1,
                "index": [
                    52496,
                    52767
                ],
                "size": 272
            }
        },
        {
            "protein": {
                "compressible": false,
                "index": [
                    52768,
                    53039
                ],
                "size": 272
            }
        },
        {
            "protein": {
                "compressible": false,
                "confid": 1,
                "index": [
                    53040,
                    53311
                ],
                "size": 272
            }
        },
        {
            "protein": {
                "compressible": false,
                "index": [
                    53312,
                    53583
                ],
                "size": 272
            }
        },
        {
            "protein": {
                "compressible": false,
                "confid": 1,
                "index": [
                    53584,
                    53855
                ],
                "size": 272
            }
        },
        {
            "protein": {
                "compressible": false,
                "index": [
                    53856,
                    54127
                ],
                "size": 272
            }
        },
        {
            "protein": {
                "compressible": false,
                "index": [
                    54128,
                    54399
                ],
                "size": 272
            }
        },
        {
            "protein": {
                "compressible": false,
                "index": [
                    54400,
                    54671
                ],
                "size": 272
            }
        },
        {
            "protein": {
                "compressible": false,
                "confid": 1,
                "index": [
                    54672,
                    54943
                ],
                "size": 272
            }
        },
        {
            "protein": {
                "compressible": false,
                "index": [
                    54944,
                    55215
                ],
                "size": 272
            }
        },
        {
            "protein": {
                "compressible": false,
                "confid": 1,
                "index": [
                    55216,
                    55487
                ],
                "size": 272
            }
        },
        {
            "protein": {
                "compressible": false,
                "index": [
                    55488,
                    55759
                ],
                "size": 272
            }
        },
        {
            "protein": {
                "compressible": false,
                "index": [
                    55760,
                    56031
                ],
                "size": 272
            }
        },
        {
            "protein": {
                "compressible": false,
                "confid": 1,
                "index": [
                    56032,
                    56303
                ],
                "size": 272
            }
        },
        {
            "protein": {
                "compressible": false,
                "index": [
                    56304,
                    56575
                ],
                "size": 272
            }
        },
        {
            "protein": {
                "compressible": false,
                "index": [
                    56576,
                    56847
                ],
                "size": 272
            }
        },
        {
            "protein": {
                "compressible": false,
                "index": [
                    56848,
                    57119
                ],
                "size": 272
            }
        },
        {
            "protein": {
                "compressible": false,
                "index": [
                    57120,
                    57391
                ],
                "size": 272
            }
        },
        {
            "protein": {
                "compressible": false,
                "index": [
                    57392,
                    57663
                ],
                "size": 272
            }
        },
        {
            "protein": {
                "compressible": false,
                "confid": 1,
                "index": [
                    57664,
                    57935
                ],
                "size": 272
            }
        },
        {
            "protein": {
                "compressible": false,
                "confid": 1,
                "index": [
                    57936,
                    58207
                ],
                "size": 272
            }
        },
        {
            "protein": {
                "compressible": false,
                "confid": 1,
                "index": [
                    58208,
                    58479
                ],
                "size": 272
            }
        },
        {
            "protein": {
                "compressible": false,
                "confid": 1,
                "index": [
                    58480,
                    58751
                ],
                "size": 272
            }
        },
        {
            "protein": {
                "compressible": false,
                "confid": 1,
                "index": [
                    58752,
                    59023
                ],
                "size": 272
            }
        },
        {
            "protein": {
                "compressible": false,
                "index": [
                    59024,
                    59295
                ],
                "size": 272
            }
        },
        {
            "protein": {
                "compressible": false,
                "confid": 1,
                "index": [
                    59296,
                    59567
                ],
                "size": 272
            }
        },
        {
            "protein": {
                "compressible": false,
                "confid": 1,
                "index": [
                    59568,
                    59839
                ],
                "size": 272
            }
        },
        {
            "protein": {
                "compressible": false,
                "confid": 1,
                "index": [
                    59840,
                    60111
                ],
                "size": 272
            }
        },
        {
            "protein": {
                "compressible": false,
                "confid": 1,
                "index": [
                    60112,
                    60383
                ],
                "size": 272
            }
        },
        {
            "protein": {
                "compressible": false,
                "index": [
                    60384,
                    60655
                ],
                "size": 272
            }
        },
        {
            "protein": {
                "compressible": false,
                "index": [
                    60656,
                    60927
                ],
                "size": 272
            }
        },
        {
            "protein": {
                "compressible": false,
                "confid": 1,
                "index": [
                    60928,
                    61199
                ],
                "size": 272
            }
        },
        {
            "protein": {
                "compressible": false,
                "confid": 1,
                "index": [
                    61200,
                    61471
                ],
                "size": 272
            }
        },
        {
            "protein": {
                "compressible": false,
                "index": [
                    61472,
                    61743
                ],
                "size": 272
            }
        },
        {
            "protein": {
                "compressible": false,
                "confid": 1,
                "index": [
                    61744,
                    62015
                ],
                "size": 272
            }
        },
        {
            "protein": {
                "compressible": false,
                "confid": 1,
                "index": [
                    62016,
                    62287
                ],
                "size": 272
            }
        },
        {
            "protein": {
                "compressible": false,
                "confid": 1,
                "index": [
                    62288,
                    62559
                ],
                "size": 272
            }
        },
        {
            "protein": {
                "compressible": false,
                "index": [
                    62560,
                    62831
                ],
                "size": 272
            }
        },
        {
            "protein": {
                "compressible": false,
                "index": [
                    62832,
                    63103
                ],
                "size": 272
            }
        },
        {
            "protein": {
                "compressible": false,
                "confid": 1,
                "index": [
                    63104,
                    63375
                ],
                "size": 272
            }
        },
        {
            "protein": {
                "compressible": false,
                "index": [
                    63376,
                    63647
                ],
                "size": 272
            }
        },
        {
            "protein": {
                "compressible": false,
                "index": [
                    63648,
                    63919
                ],
                "size": 272
            }
        },
        {
            "protein": {
                "compressible": false,
                "index": [
                    63920,
                    64191
                ],
                "size": 272
            }
        },
        {
            "protein": {
                "compressible": false,
                "index": [
                    64192,
                    64463
                ],
                "size": 272
            }
        },
        {
            "protein": {
                "compressible": false,
                "confid": 1,
                "index": [
                    64464,
                    64735
                ],
                "size": 272
            }
        },
        {
            "protein": {
                "compressible": false,
                "index": [
                    64736,
                    65007
                ],
                "size": 272
            }
        },
        {
            "protein": {
                "compressible": false,
                "confid": 1,
                "index": [
                    65008,
                    65279
                ],
                "size": 272
            }
        },
        {
            "protein": {
                "compressible": false,
                "index": [
                    65280,
                    65551
                ],
                "size": 272
            }
        },
        {
            "protein": {
                "compressible": false,
                "confid": 1,
                "index": [
                    65552,
                    65823
                ],
                "size": 272
            }
        },
        {
            "protein": {
                "compressible": false,
                "confid": 1,
                "index": [
                    65824,
                    66095
                ],
                "size": 272
            }
        },
        {
            "protein": {
                "compressible": false,
                "index": [
                    66096,
                    66367
                ],
                "size": 272
            }
        },
        {
            "protein": {
                "compressible": false,
                "index": [
                    66368,
                    66639
                ],
                "size": 272
            }
        },
        {
            "protein": {
                "compressible": false,
                "confid": 1,
                "index": [
                    66640,
                    66911
                ],
                "size": 272
            }
        },
        {
            "protein": {
                "compressible": false,
                "index": [
                    66912,
                    67183
                ],
                "size": 272
            }
        },
        {
            "protein": {
                "compressible": false,
                "confid": 1,
                "index": [
                    67184,
                    67455
                ],
                "size": 272
            }
        },
        {
            "protein": {
                "compressible": false,
                "confid": 1,
                "index": [
                    67456,
                    67727
                ],
                "size": 272
            }
        },
        {
            "protein": {
                "compressible": false,
                "index": [
                    67728,
                    67999
                ],
                "size": 272
            }
        },
        {
            "protein": {
                "compressible": false,
                "confid": 1,
                "index": [
                    68000,
                    68271
                ],
                "size": 272
            }
        },
        {
            "protein": {
                "compressible": false,
                "confid": 1,
                "index": [
                    68272,
                    68543
                ],
                "size": 272
            }
        },
        {
            "protein": {
                "compressible": false,
                "index": [
                    68544,
                    68815
                ],
                "size": 272
            }
        },
        {
            "protein": {
                "compressible": false,
                "confid": 1,
                "index": [
                    68816,
                    69087
                ],
                "size": 272
            }
        },
        {
            "protein": {
                "compressible": false,
                "confid": 1,
                "index": [
                    69088,
                    69359
                ],
                "size": 272
            }
        },
        {
            "protein": {
                "compressible": false,
                "index": [
                    69360,
                    69631
                ],
                "size": 272
            }
        },
        {
            "protein": {
                "compressible": false,
                "index": [
                    69632,
                    69903
                ],
                "size": 272
            }
        },
        {
            "protein": {
                "compressible": false,
                "index": [
                    69904,
                    70175
                ],
                "size": 272
            }
        },
        {
            "protein": {
                "compressible": false,
                "confid": 1,
                "index": [
                    70176,
                    70447
                ],
                "size": 272
            }
        },
        {
            "protein": {
                "compressible": false,
                "confid": 1,
                "index": [
                    70448,
                    70719
                ],
                "size": 272
            }
        },
        {
            "protein": {
                "compressible": false,
                "confid": 1,
                "index": [
                    70720,
                    70991
                ],
                "size": 272
            }
        },
        {
            "protein": {
                "compressible": false,
                "confid": 1,
                "index": [
                    70992,
                    71263
                ],
                "size": 272
            }
        },
        {
            "protein": {
                "compressible": false,
                "confid": 1,
                "index": [
                    71264,
                    71535
                ],
                "size": 272
            }
        },
        {
            "protein": {
                "compressible": false,
                "confid": 1,
                "index": [
                    71536,
                    71807
                ],
                "size": 272
            }
        },
        {
            "protein": {
                "compressible": false,
                "index": [
                    71808,
                    72079
                ],
                "size": 272
            }
        },
        {
            "protein": {
                "compressible": false,
                "confid": 1,
                "index": [
                    72080,
                    72351
                ],
                "size": 272
            }
        },
        {
            "protein": {
                "compressible": false,
                "index": [
                    72352,
                    72623
                ],
                "size": 272
            }
        },
        {
            "protein": {
                "compressible": false,
                "confid": 1,
                "index": [
                    72624,
                    72895
                ],
                "size": 272
            }
        },
        {
            "protein": {
                "compressible": false,
                "index": [
                    72896,
                    73167
                ],
                "size": 272
            }
        },
        {
            "protein": {
                "compressible": false,
                "confid": 1,
                "index": [
                    73168,
                    73439
                ],
                "size": 272
            }
        },
        {
            "protein": {
                "compressible": false,
                "index": [
                    73440,
                    73711
                ],
                "size": 272
            }
        },
        {
            "protein": {
                "compressible": false,
                "index": [
                    73712,
                    73983
                ],
                "size": 272
            }
        },
        {
            "protein": {
                "compressible": false,
                "confid": 1,
                "index": [
                    73984,
                    74255
                ],
                "size": 272
            }
        },
        {
            "protein": {
                "compressible": false,
                "index": [
                    74256,
                    74527
                ],
                "size": 272
            }
        },
        {
            "protein": {
                "compressible": false,
                "confid": 1,
                "index": [
                    74528,
                    74799
                ],
                "size": 272
            }
        },
        {
            "protein": {
                "compressible": false,
                "confid": 1,
                "index": [
                    74800,
                    75071
                ],
                "size": 272
            }
        },
        {
            "protein": {
                "compressible": false,
                "confid": 1,
                "index": [
                    75072,
                    75343
                ],
                "size": 272
            }
        },
        {
            "protein": {
                "compressible": false,
                "confid": 1,
                "index": [
                    75344,
                    75615
                ],
                "size": 272
            }
        },
        {
            "protein": {
                "compressible": false,
                "confid": 1,
                "index": [
                    75616,
                    75887
                ],
                "size": 272
            }
        },
        {
            "protein": {
                "compressible": false,
                "index": [
                    75888,
                    76159
                ],
                "size": 272
            }
        },
        {
            "protein": {
                "compressible": false,
                "confid": 1,
                "index": [
                    76160,
                    76431
                ],
                "size": 272
            }
        },
        {
            "protein": {
                "compressible": false,
                "confid": 1,
                "index": [
                    76432,
                    76703
                ],
                "size": 272
            }
        },
        {
            "protein": {
                "compressible": false,
                "confid": 1,
                "index": [
                    76704,
                    76975
                ],
                "size": 272
            }
        },
        {
            "protein": {
                "compressible": false,
                "index": [
                    76976,
                    77247
                ],
                "size": 272
            }
        },
        {
            "protein": {
                "compressible": false,
                "confid": 1,
                "index": [
                    77248,
                    77519
                ],
                "size": 272
            }
        },
        {
            "protein": {
                "compressible": false,
                "confid": 1,
                "index": [
                    77520,
                    77791
                ],
                "size": 272
            }
        },
        {
            "protein": {
                "compressible": false,
                "confid": 1,
                "index": [
                    77792,
                    78063
                ],
                "size": 272
            }
        },
        {
            "protein": {
                "compressible": false,
                "index": [
                    78064,
                    78335
                ],
                "size": 272
            }
        },
        {
            "protein": {
                "compressible": false,
                "confid": 1,
                "index": [
                    78336,
                    78607
                ],
                "size": 272
            }
        },
        {
            "protein": {
                "compressible": false,
                "index": [
                    78608,
                    78879
                ],
                "size": 272
            }
        },
        {
            "protein": {
                "compressible": false,
                "confid": 1,
                "index": [
                    78880,
                    79151
                ],
                "size": 272
            }
        },
        {
            "protein": {
                "compressible": false,
                "index": [
                    79152,
                    79423
                ],
                "size": 272
            }
        },
        {
            "protein": {
                "compressible": false,
                "confid": 1,
                "index": [
                    79424,
                    79695
                ],
                "size": 272
            }
        },
        {
            "protein": {
                "compressible": false,
                "confid": 1,
                "index": [
                    79696,
                    79967
                ],
                "size": 272
            }
        },
        {
            "protein": {
                "compressible": false,
                "confid": 1,
                "index": [
                    79968,
                    80239
                ],
                "size": 272
            }
        },
        {
            "protein": {
                "compressible": false,
                "confid": 1,
                "index": [
                    80240,
                    80511
                ],
                "size": 272
            }
        },
        {
            "protein": {
                "compressible": false,
                "index": [
                    80512,
                    80783
                ],
                "size": 272
            }
        },
        {
            "protein": {
                "compressible": false,
                "index": [
                    80784,
                    81055
                ],
                "size": 272
            }
        },
        {
            "protein": {
                "compressible": false,
                "confid": 1,
                "index": [
                    81056,
                    81327
                ],
                "size": 272
            }
        },
        {
            "protein": {
                "compressible": false,
                "confid": 1,
                "index": [
                    81328,
                    81599
                ],
                "size": 272
            }
        },
        {
            "protein": {
                "compressible": false,
                "index": [
                    81600,
                    81871
                ],
                "size": 272
            }
        },
        {
            "protein": {
                "compressible": false,
                "index": [
                    81872,
                    82143
                ],
                "size": 272
            }
        },
        {
            "protein": {
                "compressible": false,
                "confid": 1,
                "index": [
                    82144,
                    82415
                ],
                "size": 272
            }
        },
        {
            "protein": {
                "compressible": false,
                "confid": 1,
                "index": [
                    82416,
                    82687
                ],
                "size": 272
            }
        },
        {
            "protein": {
                "compressible": false,
                "confid": 1,
                "index": [
                    82688,
                    82959
                ],
                "size": 272
            }
        },
        {
            "protein": {
                "compressible": false,
                "confid": 1,
                "index": [
                    82960,
                    83231
                ],
                "size": 272
            }
        },
        {
            "protein": {
                "compressible": false,
                "index": [
                    83232,
                    83503
                ],
                "size": 272
            }
        },
        {
            "protein": {
                "compressible": false,
                "index": [
                    83504,
                    83775
                ],
                "size": 272
            }
        },
        {
            "protein": {
                "compressible": false,
                "confid": 1,
                "index": [
                    83776,
                    84047
                ],
                "size": 272
            }
        },
        {
            "protein": {
                "compressible": false,
                "index": [
                    84048,
                    84319
                ],
                "size": 272
            }
        },
        {
            "protein": {
                "compressible": false,
                "confid": 1,
                "index": [
                    84320,
                    84591
                ],
                "size": 272
            }
        },
        {
            "protein": {
                "compressible": false,
                "confid": 1,
                "index": [
                    84592,
                    84863
                ],
                "size": 272
            }
        },
        {
            "protein": {
                "compressible": false,
                "confid": 1,
                "index": [
                    84864,
                    85135
                ],
                "size": 272
            }
        },
        {
            "protein": {
                "compressible": false,
                "confid": 1,
                "index": [
                    85136,
                    85407
                ],
                "size": 272
            }
        },
        {
            "protein": {
                "compressible": false,
                "index": [
                    85408,
                    85679
                ],
                "size": 272
            }
        },
        {
            "protein": {
                "compressible": false,
                "confid": 1,
                "index": [
                    85680,
                    85951
                ],
                "size": 272
            }
        },
        {
            "protein": {
                "compressible": false,
                "confid": 1,
                "index": [
                    85952,
                    86223
                ],
                "size": 272
            }
        },
        {
            "protein": {
                "compressible": false,
                "index": [
                    86224,
                    86495
                ],
                "size": 272
            }
        },
        {
            "protein": {
                "compressible": false,
                "confid": 1,
                "index": [
                    86496,
                    86767
                ],
                "size": 272
            }
        },
        {
            "protein": {
                "compressible": false,
                "confid": 1,
                "index": [
                    86768,
                    87039
                ],
                "size": 272
            }
        },
        {
            "protein": {
                "compressible": false,
                "confid": 1,
                "index": [
                    87040,
                    87311
                ],
                "size": 272
            }
        },
        {
            "protein": {
                "compressible": false,
                "confid": 1,
                "index": [
                    87312,
                    87583
                ],
                "size": 272
            }
        },
        {
            "protein": {
                "compressible": false,
                "confid": 1,
                "index": [
                    87584,
                    87855
                ],
                "size": 272
            }
        },
        {
            "protein": {
                "compressible": false,
                "confid": 1,
                "index": [
                    87856,
                    88127
                ],
                "size": 272
            }
        },
        {
            "protein": {
                "compressible": false,
                "confid": 1,
                "index": [
                    88128,
                    88399
                ],
                "size": 272
            }
        }
    ],
    "last move": "moltransrot",
    "moves": [
        {
            "conformationswap": {
                "acceptance": 0.62,
                "keeppos": false,
                "molecule": "protein",
                "molid": 0,
                "moves": 129977087,
                "relative time": 0.276,
                "repeat": 325
            }
        },
        {
            "moltransrot": {
                "acceptance": 0.603,
                "dir": [
                    1.0,
                    1.0,
                    1.0
                ],
                "dirrot": [
                    0.0,
                    0.0,
                    0.0
                ],
                "dp": 100.0,
                "dprot": 3.0,
                "molecule": "protein",
                "molid": 0,
                "moves": 130010735,
                "relative time": 0.244,
                "repeat": 325,
                "r": 44.6
            }
        },
        {
            "moltransrot": {
                "acceptance": 0.627,
                "dir": [
                    1.0,
                    1.0,
                    1.0
                ],
                "dirrot": [
                    0.0,
                    0.0,
                    0.0
                ],
                "dp": 10.0,
                "dprot": 1.0,
                "molecule": "protein",
                "molid": 0,
                "moves": 130011807,
                "relative time": 0.27,
                "repeat": 325,
                "r": 4.55
            }
        },
        {
            "cluster": {
                "acceptance": 0.938,
                "bias rejection rate": 0.0609,
                "cite": "doi:10/cj9gnn",
                "clusterdistribution": [
                    [
                        1,
                        75876577
                    ],
                    [
                        2,
                        46106782
                    ],
                    [
                        3,
                        6310832
                    ],
                    [
                        4,
                        1371236
                    ],
                    [
                        5,
                        274392
                    ],
                    [
                        6,
                        50579
                    ],
                    [
                        7,
                        8322
                    ],
                    [
                        8,
                        1403
                    ],
                    [
                        9,
                        209
                    ],
                    [
                        10,
                        39
                    ]
                ],
                "dir": [
                    1.0,
                    1.0,
                    1.0
                ],
                "dirrot": [
                    0.0,
                    0.0,
                    0.0
                ],
                "dp": 100.0,
                "dprot": 3.0,
                "moves": 130000371,
                "relative time": 0.204,
                "relative time (without energy calc)": 0.0453,
                "repeat": 325,
                "spread": true,
                "threshold": {
                    "protein protein": 62.0
                },
                "r": 55.1,
                "/": 48.0,
                "N": 1.49
            }
        }
    ],
    "number of groups": 325,
    "number of particles": 88400,
    "reactionlist": null,
    "relative drift": 0.0,
    "temperature": 298.15
}
